<?xml version="1.0" encoding="UTF-8"?>
<testng-results skipped="0" failed="0" ignored="0" total="1" passed="1">
  <reporter-output>
  </reporter-output>
  <suite name="Default suite" duration-ms="19288" started-at="2021-04-29T13:05:30 IST" finished-at="2021-04-29T13:05:49 IST">
    <groups>
    </groups>
    <test name="Default test" duration-ms="19288" started-at="2021-04-29T13:05:30 IST" finished-at="2021-04-29T13:05:49 IST">
      <class name="com.len.workspace.ws.Test_Facebook">
        <test-method status="PASS" signature="login()[pri:0, instance:com.len.workspace.ws.Test_Facebook@167fdd33]" name="login" duration-ms="19219" started-at="2021-04-29T13:05:30 IST" finished-at="2021-04-29T13:05:49 IST">
          <reporter-output>
          </reporter-output>
        </test-method> <!-- login -->
      </class> <!-- com.len.workspace.ws.Test_Facebook -->
    </test> <!-- Default test -->
  </suite> <!-- Default suite -->
</testng-results>
